mode: set
github.com/GolangToolKits/go-cockroachdb/cockroach.go:25.33,31.27 3 1
github.com/GolangToolKits/go-cockroachdb/cockroach.go:31.27,33.3 1 1
github.com/GolangToolKits/go-cockroachdb/cockroach.go:33.8,35.3 1 0
github.com/GolangToolKits/go-cockroachdb/cockroach.go:36.2,39.18 3 1
github.com/GolangToolKits/go-cockroachdb/cockroach.go:39.18,41.19 2 1
github.com/GolangToolKits/go-cockroachdb/cockroach.go:41.19,43.4 1 0
github.com/GolangToolKits/go-cockroachdb/cockroach.go:43.9,45.4 1 1
github.com/GolangToolKits/go-cockroachdb/cockroach.go:47.2,47.12 1 1
github.com/GolangToolKits/go-cockroachdb/cockroach.go:51.57,53.2 1 1
github.com/GolangToolKits/go-cockroachdb/cockroach.go:56.66,60.16 4 1
github.com/GolangToolKits/go-cockroachdb/cockroach.go:60.16,62.3 1 0
github.com/GolangToolKits/go-cockroachdb/cockroach.go:62.8,66.17 4 1
github.com/GolangToolKits/go-cockroachdb/cockroach.go:66.17,68.4 1 0
github.com/GolangToolKits/go-cockroachdb/cockroach.go:68.9,69.24 1 1
github.com/GolangToolKits/go-cockroachdb/cockroach.go:69.24,72.5 2 1
github.com/GolangToolKits/go-cockroachdb/cockroach.go:75.2,75.20 1 1
github.com/GolangToolKits/go-cockroachdb/cockroach.go:79.57,82.16 3 1
github.com/GolangToolKits/go-cockroachdb/cockroach.go:82.16,84.3 1 0
github.com/GolangToolKits/go-cockroachdb/cockroach.go:84.8,87.17 3 1
github.com/GolangToolKits/go-cockroachdb/cockroach.go:87.17,89.4 1 0
github.com/GolangToolKits/go-cockroachdb/cockroach.go:89.9,91.25 2 1
github.com/GolangToolKits/go-cockroachdb/cockroach.go:91.25,93.5 1 0
github.com/GolangToolKits/go-cockroachdb/cockroach.go:93.10,95.5 1 1
github.com/GolangToolKits/go-cockroachdb/cockroach.go:98.2,98.16 1 1
github.com/GolangToolKits/go-cockroachdb/cockroach.go:102.56,105.16 3 1
github.com/GolangToolKits/go-cockroachdb/cockroach.go:105.16,107.3 1 0
github.com/GolangToolKits/go-cockroachdb/cockroach.go:107.8,110.17 3 1
github.com/GolangToolKits/go-cockroachdb/cockroach.go:110.17,112.4 1 0
github.com/GolangToolKits/go-cockroachdb/cockroach.go:112.9,115.18 3 1
github.com/GolangToolKits/go-cockroachdb/cockroach.go:115.18,119.30 4 1
github.com/GolangToolKits/go-cockroachdb/cockroach.go:119.30,121.6 1 1
github.com/GolangToolKits/go-cockroachdb/cockroach.go:122.5,122.21 1 1
github.com/GolangToolKits/go-cockroachdb/cockroach.go:122.21,125.36 2 1
github.com/GolangToolKits/go-cockroachdb/cockroach.go:125.36,127.21 2 1
github.com/GolangToolKits/go-cockroachdb/cockroach.go:127.21,129.8 1 0
github.com/GolangToolKits/go-cockroachdb/cockroach.go:129.13,131.8 1 1
github.com/GolangToolKits/go-cockroachdb/cockroach.go:132.7,132.39 1 1
github.com/GolangToolKits/go-cockroachdb/cockroach.go:138.2,138.13 1 1
github.com/GolangToolKits/go-cockroachdb/cockroach.go:142.61,145.16 3 1
github.com/GolangToolKits/go-cockroachdb/cockroach.go:145.16,147.3 1 0
github.com/GolangToolKits/go-cockroachdb/cockroach.go:147.8,150.17 3 1
github.com/GolangToolKits/go-cockroachdb/cockroach.go:150.17,152.4 1 0
github.com/GolangToolKits/go-cockroachdb/cockroach.go:152.9,155.18 3 1
github.com/GolangToolKits/go-cockroachdb/cockroach.go:155.18,159.30 4 1
github.com/GolangToolKits/go-cockroachdb/cockroach.go:159.30,161.6 1 1
github.com/GolangToolKits/go-cockroachdb/cockroach.go:162.5,162.21 1 1
github.com/GolangToolKits/go-cockroachdb/cockroach.go:162.21,166.36 3 1
github.com/GolangToolKits/go-cockroachdb/cockroach.go:166.36,168.21 2 1
github.com/GolangToolKits/go-cockroachdb/cockroach.go:168.21,170.8 1 1
github.com/GolangToolKits/go-cockroachdb/cockroach.go:170.13,172.8 1 1
github.com/GolangToolKits/go-cockroachdb/cockroach.go:173.7,173.49 1 1
github.com/GolangToolKits/go-cockroachdb/cockroach.go:175.6,175.47 1 1
github.com/GolangToolKits/go-cockroachdb/cockroach.go:180.2,180.13 1 1
github.com/GolangToolKits/go-cockroachdb/cockroach.go:184.57,187.16 3 1
github.com/GolangToolKits/go-cockroachdb/cockroach.go:187.16,189.3 1 0
github.com/GolangToolKits/go-cockroachdb/cockroach.go:189.8,192.17 3 1
github.com/GolangToolKits/go-cockroachdb/cockroach.go:192.17,194.4 1 0
github.com/GolangToolKits/go-cockroachdb/cockroach.go:194.9,196.25 2 1
github.com/GolangToolKits/go-cockroachdb/cockroach.go:196.25,198.5 1 1
github.com/GolangToolKits/go-cockroachdb/cockroach.go:198.10,200.5 1 0
github.com/GolangToolKits/go-cockroachdb/cockroach.go:203.2,203.16 1 1
github.com/GolangToolKits/go-cockroachdb/cockroach.go:206.31,209.16 3 1
github.com/GolangToolKits/go-cockroachdb/cockroach.go:209.16,211.3 1 1
github.com/GolangToolKits/go-cockroachdb/cockroach.go:212.2,212.12 1 1
github.com/GolangToolKits/go-cockroachdb/cockroach.go:215.33,217.2 1 1
