mode: set
github.com/GolangToolKits/go-cockroachdb/cockroach.go:25.33,31.27 3 1
github.com/GolangToolKits/go-cockroachdb/cockroach.go:31.27,33.3 1 1
github.com/GolangToolKits/go-cockroachdb/cockroach.go:33.8,35.3 1 0
github.com/GolangToolKits/go-cockroachdb/cockroach.go:36.2,39.18 3 1
github.com/GolangToolKits/go-cockroachdb/cockroach.go:39.18,41.19 2 1
github.com/GolangToolKits/go-cockroachdb/cockroach.go:41.19,43.4 1 0
github.com/GolangToolKits/go-cockroachdb/cockroach.go:43.9,45.4 1 1
github.com/GolangToolKits/go-cockroachdb/cockroach.go:47.2,47.12 1 1
github.com/GolangToolKits/go-cockroachdb/cockroach.go:51.57,53.2 1 1
github.com/GolangToolKits/go-cockroachdb/cockroach.go:56.49,60.29 4 1
github.com/GolangToolKits/go-cockroachdb/cockroach.go:60.29,62.3 1 1
github.com/GolangToolKits/go-cockroachdb/cockroach.go:63.2,64.14 2 1
github.com/GolangToolKits/go-cockroachdb/cockroach.go:68.66,72.16 4 1
github.com/GolangToolKits/go-cockroachdb/cockroach.go:72.16,74.3 1 0
github.com/GolangToolKits/go-cockroachdb/cockroach.go:74.8,78.17 4 1
github.com/GolangToolKits/go-cockroachdb/cockroach.go:78.17,80.4 1 0
github.com/GolangToolKits/go-cockroachdb/cockroach.go:80.9,81.24 1 1
github.com/GolangToolKits/go-cockroachdb/cockroach.go:81.24,84.5 2 1
github.com/GolangToolKits/go-cockroachdb/cockroach.go:87.2,87.20 1 1
github.com/GolangToolKits/go-cockroachdb/cockroach.go:91.57,94.16 3 1
github.com/GolangToolKits/go-cockroachdb/cockroach.go:94.16,96.3 1 0
github.com/GolangToolKits/go-cockroachdb/cockroach.go:96.8,99.17 3 1
github.com/GolangToolKits/go-cockroachdb/cockroach.go:99.17,101.4 1 0
github.com/GolangToolKits/go-cockroachdb/cockroach.go:101.9,103.25 2 1
github.com/GolangToolKits/go-cockroachdb/cockroach.go:103.25,105.5 1 0
github.com/GolangToolKits/go-cockroachdb/cockroach.go:105.10,107.5 1 1
github.com/GolangToolKits/go-cockroachdb/cockroach.go:110.2,110.16 1 1
github.com/GolangToolKits/go-cockroachdb/cockroach.go:114.56,117.16 3 1
github.com/GolangToolKits/go-cockroachdb/cockroach.go:117.16,119.3 1 0
github.com/GolangToolKits/go-cockroachdb/cockroach.go:119.8,122.17 3 1
github.com/GolangToolKits/go-cockroachdb/cockroach.go:122.17,124.4 1 0
github.com/GolangToolKits/go-cockroachdb/cockroach.go:124.9,127.18 3 1
github.com/GolangToolKits/go-cockroachdb/cockroach.go:127.18,131.30 4 1
github.com/GolangToolKits/go-cockroachdb/cockroach.go:131.30,133.6 1 1
github.com/GolangToolKits/go-cockroachdb/cockroach.go:134.5,134.21 1 1
github.com/GolangToolKits/go-cockroachdb/cockroach.go:134.21,137.36 2 1
github.com/GolangToolKits/go-cockroachdb/cockroach.go:137.36,139.21 2 1
github.com/GolangToolKits/go-cockroachdb/cockroach.go:139.21,141.8 1 0
github.com/GolangToolKits/go-cockroachdb/cockroach.go:141.13,143.8 1 1
github.com/GolangToolKits/go-cockroachdb/cockroach.go:144.7,144.39 1 1
github.com/GolangToolKits/go-cockroachdb/cockroach.go:150.2,150.13 1 1
github.com/GolangToolKits/go-cockroachdb/cockroach.go:154.61,157.16 3 1
github.com/GolangToolKits/go-cockroachdb/cockroach.go:157.16,159.3 1 0
github.com/GolangToolKits/go-cockroachdb/cockroach.go:159.8,162.17 3 1
github.com/GolangToolKits/go-cockroachdb/cockroach.go:162.17,164.4 1 0
github.com/GolangToolKits/go-cockroachdb/cockroach.go:164.9,167.18 3 1
github.com/GolangToolKits/go-cockroachdb/cockroach.go:167.18,171.30 4 1
github.com/GolangToolKits/go-cockroachdb/cockroach.go:171.30,173.6 1 1
github.com/GolangToolKits/go-cockroachdb/cockroach.go:174.5,174.21 1 1
github.com/GolangToolKits/go-cockroachdb/cockroach.go:174.21,178.36 3 1
github.com/GolangToolKits/go-cockroachdb/cockroach.go:178.36,180.21 2 1
github.com/GolangToolKits/go-cockroachdb/cockroach.go:180.21,182.8 1 1
github.com/GolangToolKits/go-cockroachdb/cockroach.go:182.13,184.8 1 1
github.com/GolangToolKits/go-cockroachdb/cockroach.go:185.7,185.49 1 1
github.com/GolangToolKits/go-cockroachdb/cockroach.go:187.6,187.47 1 1
github.com/GolangToolKits/go-cockroachdb/cockroach.go:192.2,192.13 1 1
github.com/GolangToolKits/go-cockroachdb/cockroach.go:196.57,199.16 3 1
github.com/GolangToolKits/go-cockroachdb/cockroach.go:199.16,201.3 1 0
github.com/GolangToolKits/go-cockroachdb/cockroach.go:201.8,204.17 3 1
github.com/GolangToolKits/go-cockroachdb/cockroach.go:204.17,206.4 1 0
github.com/GolangToolKits/go-cockroachdb/cockroach.go:206.9,208.25 2 1
github.com/GolangToolKits/go-cockroachdb/cockroach.go:208.25,210.5 1 1
github.com/GolangToolKits/go-cockroachdb/cockroach.go:210.10,212.5 1 0
github.com/GolangToolKits/go-cockroachdb/cockroach.go:215.2,215.16 1 1
github.com/GolangToolKits/go-cockroachdb/cockroach.go:218.31,221.16 3 1
github.com/GolangToolKits/go-cockroachdb/cockroach.go:221.16,223.3 1 1
github.com/GolangToolKits/go-cockroachdb/cockroach.go:224.2,224.12 1 1
github.com/GolangToolKits/go-cockroachdb/cockroach.go:227.33,229.2 1 1
github.com/GolangToolKits/go-cockroachdb/postgressdbTx.go:14.68,19.16 4 1
github.com/GolangToolKits/go-cockroachdb/postgressdbTx.go:19.16,21.3 1 0
github.com/GolangToolKits/go-cockroachdb/postgressdbTx.go:21.8,25.17 4 1
github.com/GolangToolKits/go-cockroachdb/postgressdbTx.go:25.17,27.4 1 0
github.com/GolangToolKits/go-cockroachdb/postgressdbTx.go:27.9,28.38 1 1
github.com/GolangToolKits/go-cockroachdb/postgressdbTx.go:28.38,31.5 2 1
github.com/GolangToolKits/go-cockroachdb/postgressdbTx.go:34.2,34.20 1 1
github.com/GolangToolKits/go-cockroachdb/postgressdbTx.go:38.59,41.16 3 1
github.com/GolangToolKits/go-cockroachdb/postgressdbTx.go:41.16,43.3 1 0
github.com/GolangToolKits/go-cockroachdb/postgressdbTx.go:43.8,46.17 3 1
github.com/GolangToolKits/go-cockroachdb/postgressdbTx.go:46.17,48.4 1 0
github.com/GolangToolKits/go-cockroachdb/postgressdbTx.go:48.9,50.25 2 1
github.com/GolangToolKits/go-cockroachdb/postgressdbTx.go:50.25,52.5 1 0
github.com/GolangToolKits/go-cockroachdb/postgressdbTx.go:52.10,54.5 1 1
github.com/GolangToolKits/go-cockroachdb/postgressdbTx.go:57.2,57.16 1 1
github.com/GolangToolKits/go-cockroachdb/postgressdbTx.go:61.59,64.16 3 1
github.com/GolangToolKits/go-cockroachdb/postgressdbTx.go:64.16,66.3 1 0
github.com/GolangToolKits/go-cockroachdb/postgressdbTx.go:66.8,69.17 3 1
github.com/GolangToolKits/go-cockroachdb/postgressdbTx.go:69.17,71.4 1 0
github.com/GolangToolKits/go-cockroachdb/postgressdbTx.go:71.9,73.25 2 1
github.com/GolangToolKits/go-cockroachdb/postgressdbTx.go:73.25,75.5 1 1
github.com/GolangToolKits/go-cockroachdb/postgressdbTx.go:75.10,77.5 1 0
github.com/GolangToolKits/go-cockroachdb/postgressdbTx.go:80.2,80.16 1 1
github.com/GolangToolKits/go-cockroachdb/postgressdbTx.go:84.34,87.16 3 1
github.com/GolangToolKits/go-cockroachdb/postgressdbTx.go:87.16,89.3 1 0
github.com/GolangToolKits/go-cockroachdb/postgressdbTx.go:89.8,91.3 1 1
github.com/GolangToolKits/go-cockroachdb/postgressdbTx.go:92.2,92.12 1 1
github.com/GolangToolKits/go-cockroachdb/postgressdbTx.go:96.36,99.16 3 1
github.com/GolangToolKits/go-cockroachdb/postgressdbTx.go:99.16,101.3 1 0
github.com/GolangToolKits/go-cockroachdb/postgressdbTx.go:101.8,103.3 1 1
github.com/GolangToolKits/go-cockroachdb/postgressdbTx.go:104.2,104.12 1 1
